<?xml version="1.0" encoding="UTF-8"?>
<!-- Generated by org.testng.reporters.JUnitXMLReporter -->
<testsuite hostname="HARSHA-PC" ignored="0" name="Default test" tests="3" failures="0" timestamp="2020-03-30T10:16:42 IST" time="61.137" errors="0">
  <testcase name="loginToWordpress" time="24.585" classname="cts.miniproject.test.DdExcelWordpressLogin"/>
  <testcase name="loginToWordpress" time="17.379" classname="cts.miniproject.test.DdExcelWordpressLogin"/>
  <testcase name="loginToWordpress" time="15.71" classname="cts.miniproject.test.DdExcelWordpressLogin"/>
</testsuite> <!-- Default test -->
